<root>
	<block>
		<gallery title="Фотографии"> 
			<img src="test-k2m.jpg" alt="Общий вид комплекта ТЕСТ-К2М"/>
			<img src="Certificate2021.jpg" />
			<img src="CertificateBel2022.jpg" />
		</gallery>
		<video>
			<iframe width="560" height="315" src="http://www.youtube.com/embed/QDlTonwxLBI?wmode=opaque" frameborder="0" allowfullscreen></iframe>
		</video>
	</block>

	<block title="Технические характеристики" wide="1">
		<p>Основные параметры двухканальных электрических зондов регламентируются ГОСТ 19912–2012, где приведены геометрические размеры зондов и требования к основной погрешности измерения показателей сопротивления грунта. Зонды А2/350 относятся к аналоговым приборам. Допустимые диапазоны измерения усилий по конусу и муфте трения зонда определяются их конструктивными особенностями.</p>
		<p>В зондах А2/350 не установлен инклинометр. В соответствии с ГОСТ 19912-2012 п. 5.2.4: при испытании грунтов на глубину более 10 м следует применять зонды оснащённые инклинометром, показания которого необходимо использовать для определения фактической глубины зондирования и предотвращения поломки зонда. При необходимости зондирования на глубину более 10 м рекомендуем использовать <link to="ТЕСТ-К4М">комплект К4М</link>.</p>
		<p><h4>Основные параметры зондов, используемых в комплекте ТЕСТ-К2М</h4></p>
		<spec>
			<row param="Тип зонда по ГОСТ 19912-2012" val="электрический" />
			<row param="Диаметр основания конуса,мм" val="35,7" />
			<row param="Угол при вершине, град" val="60" />
			<row param="Диаметр муфты трения, мм" val="35,7" />
			<row param="Длина муфты трения, мм" val="310" />
			<row param="Площадь муфты трения, cм²" val="350" />
			<row param="Диапазон измерения удельного сопротивления грунта по конусу, МПа" val="0,2-50" />
			<row param="Диапазон измерения удельного сопротивления грунта по муфте трения, кПа" val="3-571" />
			<row param="Основная погрешность измерения удельного сопротивления грунта" val="не более 5%" />
		</spec>
		<p>Регистрирующий двухканальный измерительный прибор ТЕСТ-К2М, предназначен для измерения дебаланса тензометрических полумостов, усиления и оцифровки сигнала, индикации результатов измерений, их сохранение в памяти и передачу в компьютер для обработки.</p>
		<p><h4>Измерительный прибор (контроллер) ТЕСТ-К2М</h4></p>
		<spec>
			<row param="Напряжение питания, Вольт" val="11-18" />
			<row param="Потребляемый ток, А" val="0,5" />
			<row param="Количество измерительных каналов" val="2" />
			<row param="Время выхода в раб. режим, мин" val="2" />
			<row param="Ёмкость памяти, кБайт" val="64" />
			<row param="Интерфейс передачи данных" val="RS-232 (USB 2.0)" />
			<row param="Время хранения результатов, год" val="1" />
			<row param="Диапазон рабочих температур, С°" val="-20..+40" />
			<row param="Габаритные размеры, мм" val="200x100x40" />
			<row param="Масса прибора, кг" val="0,5" />
		</spec>
	</block>

	<block title="Устройство и работа комплекта">
		<p>При вдавливании тензометрического зонда в грунт, механическое воздействие грунта на конус и муфту трения приводит к изменению электрического сопротивления тензодатчиков, и электрический сигнал, по кабелю, проходящему внутри зондировочных штанг, передается в измерительный прибор (контроллер). Показания на цифровом дисплее контроллера изменяются пропорционально усилиям, действующим на конус и муфту трения зонда.</p>
		<!-- <p>Регистрирующий прибор (контроллер ТЕСТ-К2М) выполнен в виде двухканального усилителя с цифровым выходом, блоком хранения и передачи данных в компьютер (RS-232, USB 2.0).</p> -->
		<p>Контроллер ТЕСТ-К2М имеет четыре основных режима работы:</p>
		<ul>
			<li>РЕЖИМ КАЛИБРОВКИ тензометрических зондов;</li>
			<li>РАБОЧИЙ РЕЖИМ (запись данных зондирования в ОЗУ);</li>
			<li>режим ПЕРЕДАЧИ ДАННЫХ зондирования в компьютер;</li>
			<li>режим ОЧИСТКИ ПАМЯТИ;</li>
		</ul>
		<p>На передней панели измерительного прибора расположены: ЖК-дисплей и пять кнопок управления. На боковых стенках контроллера расположены разъемы для подключения прибора к бортовой сети, подключения тензометрического зонда, подключения кабеля связи и USB разъемы.</p>
		<!-- <gallery title="Разъемы прибора ТЕСТ-К2М"> 
			<img src="test-k2m3.jpg" alt="Разъемы прибора ТЕСТ-К2М"/>
		</gallery> -->
		<p>После подключения зонда и включения прибора, контроллер переходит в «РАБОЧИЙ РЕЖИМ». Оператор вводит номер опыта и начинает вдавливание зонда, отсчёты сохраняются в памяти контроллера при нажатии кнопки «ПУСК» или дистанционной кнопки.</p>
		<p>Для передачи данных в компьютер, к контроллеру подключают интерфейсный какбель и контроллер автоматически переходит в режим «ПЕРЕДАЧИ ДАННЫХ» и результаты зондирования передаются в базу данных программы обработки Geoexplorer.</p>
		<p>Помимо последовательного порта RS-232, контроллер ТЕСТ К2М оснащен двумя USB-портами для записи данных на флэш-диск и передачи на персональный компьютер.</p>
		<p>Разъем А используется для записи данных на флеш-диск.</p>
		<p>Разъем В используется для передачи данных с помощью USB кабеля на ПК.</p>
		<p>32 кБ внутренней памяти контроллера ТЕСТ К2М позволяют сохранять результаты 2000 метров зондирования.</p>
		<p>Зондировочные штанги служат для вдавливания зонда в грунт. Наголовник служит для вдавливания и извлечения зонда. Вилка используется при извлечении зонда и фиксации штанг в наголовнике. Динамометр ДЭТ/1 и Устройство Т служат для тарировки и проверке аппаратуры при эксплуатации.</p>
		<p>Тарировка проводится при подготовке аппаратуры ТЕСТ-К2М к работе, во время полевых работ, при замене тензометрического зонда, либо измерительного прибора. Проверка проводится не реже одного раза в месяц. В случае, если комплект не использовалась более, чем один месяц, то тарировку проводят перед началом полевых работ.</p>	
		<p>Для обработки результатов используется программа <link_row to="pGeoExplorer">GeoExplorer</link_row>.</p>
	</block>
	
	<block title="Версия для печати">
		<p><a href="/docs/print/szTEST-K2M.pdf" target="_blank">Комплект ТЕСТ-К2M (PDF)</a></p>
	</block>
	
	<block title="Публикации" wide="1">
		<p><a href="/docs/ii03_test.pdf" target="_blank">Комплекты оборудования для статического зондирования грунтов серии ТЕСТ.</a> Инженерные изыскания. Апрель 2008.</p>
	</block>	

	<block>
		<p><b>Ниже указана базовая комплектация, которую вы можете заказать в соответствии с вашими пожеланиями, изменив количество и вид штанг, тип наголовника, количество кабелей и зондов</b>.</p>	
	</block>
	
	<block title="Состав комплекта">
		<order />
	</block>
	
</root>