<root>
	<block>
		<p>Комплект ТЕСТ-К4 предназначен для зондирования немерзлых песчаных и глинистых грунтов по ГОСТ
			19912-2012 («Грунты. Методы полевых испытаний статическим и динамическим зондированием») для
			комплексной оценки физико-механических свойств грунтов в соответствии c СП 47.13330.2012 "СНиП
			11-02-96 Инженерные изыскания для строительства. Основные положения" Приложение И, и несущей
			способности свай по СП 24.13330.2011 "СНиП 2.02.03-85 Свайные фундаменты", СП-50-102-2003 "Проектирование
			и устройство свайных фундаментов" и по МГСН 2.07-01 "Московские городские строительные нормы.
			Основания, фундаменты и подземные сооружения".</p>
		<p>Комплекты аппаратуры для статического зондирования грунтов ТЕСТ имеют свидетельство об утверждении
			типа средств измерений Федерального Агентства по техническому регулированию и метрологии RU.C.30.058.A
			№ 45332, регистрационный номер 48929-12 и сертификат об утверждении типа средств измерений №
			8013 Госкомитета по стандартизации республики Беларусь.</p>
		<p>Комплект ТЕСТ-К4 может использоваться для всех типов буровых и <link to="УСЗ">зондировочных установок</link>.</p>
		<gallery title="Фотографии">
			<img src="test-k4.jpg" alt="Общий вид комплекта ТЕСТ-К4" />
			<img src="Certificate.jpg" />
			<img src="Certificate2.jpg" />
			<img src="test-k41.jpg" alt="Измерительный прибор ТЕСТ-К4" />
			<img src="test-k42.jpg" alt="Измерительный прибор ТЕСТ-К4, шнуры, розетка" />
			<img src="szZA3.jpg" alt="Тензометрический зонд А3-250" />
			<!-- <img src="szBlokS.jpg" alt="Блок связи" /> -->
			<img src="szBlokS2.jpg" alt="Блок связи" />
			<img src="szMPrint.jpg" alt="Минипринтер с кабелем связи с измерительным прибором" />
			<img src="szRBut.jpg" alt="Радиокнопка" />
		</gallery>
	</block>
	<block title="Публикации" wide="1">
		<p><a href="/docs/ii03_test.pdf" target="_blank">Комплекты оборудования для статического зондирования грунтов серии ТЕСТ.</a> Инженерные изыскания. Апрель 2008.</p>
	</block>
	<block title="Технические характеристики" wide="1">
		<p>Основные параметры тензометрических зондов регламентируются ГОСТ 19912-2012, где приведены геометрические
			размеры зондов и требования к основной погрешности измерения показателей сопротивления грунта.</p>
		<p>В комплекте ТЕСТ-К4 могут использоваться тензометрические зонды А3/350 и А4/350 (площадь муфты:
			350 см²).</p>
		<p>Зонды А3/350 имеют три канала измерения: сопротивление конуса <b>qc</b> (МПа), сопротивление грунта
			по муфте трения <b>fs</b> (кПа) и инклинометр — угол отклонения зонда от вертикали
			<b>a</b> (°).</p>
		<p>Зонды А4/350 имеют четыре канала измерения: сопротивление конуса <b>qc</b> (МПа), сопротивление
			грунта по муфте трения <b>fs</b> (кПа), инклинометр — угол отклонения зонда от вертикали
			<b>a</b> (°) и температура грунта <b>t</b> (°С) (поровое давление <b>U</b> (кПа)).</p>
		<p>Зонды А3/350 и А4/350 являются цифровыми, имеют встроенный микроконтроллер, который обеспечивает
			термокомпенсацию и нормированные параметры для всех каналов. Передача данных в процессе работы
			осуществляется по цифровому каналу.</p>
		<p><i>4-х канальные зонды А4 поставляются по отдельным заявкам.</i></p>
		<p>Основным типом зонда, предназначенного для работы с комплектом ТЕСТ-К4, являются зонды исполнения 1 — А3-350-50/20. Эти зонды калибруются на предприятии-изготовителе на диапазоны измерения 50 МПа по каналу “Конус” и 571 кПа по каналу “Муфта”. Для работы со слабыми грунтами поставляются зонды исполнения 2 — А3-350-25/20, которые калибруются на диапазоны измерения по каналу “Конус” - 25 МПа, а по каналу “Муфта” - 571 кПа.</p>
		<p>Каждый зонд имеет паспорт, в котором указаны номер зонда, значения калибровки по каналу “Конус” и “Муфта”. </p>
		<p><h4>Основные параметры зондов, используемых в комплекте ТЕСТ-К4.</h4></p>
		<spec>
			<row param="Тип зонда по ГОСТ 19912-2012" val="электрический" />
			<row param="Диаметр основания конуса,мм" val="35,7" />
			<row param="Угол при вершине, град" val="60" />
			<row param="Диаметр муфты трения, мм" val="35,7" />
			<row param="Длина муфты трения, мм" val="310" />
			<row param="Площадь муфты трения, cм²" val="350" />
			<row param="Диапазон измерения удельного сопротивления грунта по конусу (исполнение 1), МПа" val="0,2-50" />
			<row param="Диапазон измерения удельного сопротивления грунта по конусу (исполнение 2), МПа" val="0,025-25" />
			<row param="Диапазон измерения удельного сопр. грунта по муфте трения (исполнение 1), кПа" val="0,6–571" />
			<row param="Диапазон измерения удельного сопр. грунта по муфте трения (исполнение 2), кПа" val="0,6–571" />
			<row param="Основная погрешность измерения удельного сопротивления грунта" val="не более 2,5%" />
			<row param="Угол отклонения от вертикали, град" val="1-20" />
			<row param="Диапазон измерения температуры грунта, °С" val="-10..+10" />
			<row param="Диапазон измерения порового давления, кПа" val="5-2000" />
		</spec>
		<p></p>
		<p>Регистрирующий прибор (контроллер ТЕСТ-К4) предназначен для индикации, сохранения и передачи результатов
			зондирования на персональный компьютер для последующей обработки.</p>
		<p>Контроллер оснащен USB интерфейсом для передачи данных в ПК и USB разъемом для передачи данных
			на USB-флеш-диск.</p>
		<p><h4>Технические характеристики контроллера ТЕСТ-К4.</h4></p>
		<spec>
			<row param="Напряжение питания, Вольт" val="11—18" />
			<row param="Потребляемый ток, А" val="0,5" />
			<row param="Время выхода в раб. режим, мин" val="2" />
			<row param="Ёмкость памяти, кБайт" val="32" />
			<row param="Время хранения результатов, год" val="1" />
			<row param="Диапазон рабочих температур, С°" val="-20..+40" />
			<row param="Габаритные размеры, мм" val="200x100x40" />
			<row param="Масса прибора, кг" val="0,5" />
		</spec>
		<p></p>
		<p>Прибор защищен от недопустимой полярности питающего напряжения.</p>
	</block>
	<block title="Устройство и работа комплекта">
		<p>При вдавливании тензометрического зонда с кабелем в грунт механическое воздействие грунта на датчики
			зонда вызывает изменение их электрических параметров. Микропроцессор и усилители, расположенные
			внутри зонда, кондиционируют и оцифровывают сигналы датчиков. Сигналы от зонда по коммутирующему
			кабелю, проходящему внутри зондировочных штанг, передаются в <link_row to="К4.01.00.00.00">контроллер ТЕСТ-К4</link_row>.
			На дисплее, расположенном на лицевой панели прибора, показания изменяются пропорционально воздействиям
			на датчики зонда.</p>
		<p>Результаты зондирования сохраняются в памяти контроллера.
			Резервная копия результатов может распечатываться на минипринтере.</p>
		<p>Полный комплект имеет в своём составе четырёхканальный контроллер ТЕСТ-К4 и Блок Связи БС-3, которые являются друг для друга резервными приборами</p>.
		<p>Комплект ТЕСТ-К4 может работать в двух конфигурациях:</p>
		<p><b>1 Конфигурация ЗОНД – КОНТРОЛЛЕР К4</b>
		</p>
		<p>Контроллер ТЕСТ-К4 имеет четыре основных режима работы:</p>
		<ul>
			<li>рабочий режим (запись данных зондирования в ОЗУ);</li>
			<li>режим передачи данных зондирования в компьютер;</li>
			<li>режим записи данных на USB-ФЛЕШ-ДИСК;</li>
			<li>режим очистки памяти.</li>
		</ul>
		<p>На передней панели измерительного прибора расположены: дисплей и пять кнопок управления. На верхней
			стенке контроллера расположены разъемы для подключения питания, зонда и радиокнопки.</p>
		<p>После подачи питания, контроллер проводит самодиагностику, и автоматически переходит в РАБОЧИЙ
			РЕЖИМ.
		</p>
		<p>В РАБОЧЕМ РЕЖИМЕ, после ввода параметров опыта (номер, шаг отсчетов и глубина зондирования), текущие
			отсчеты сохраняются в контроллере при нажатии кнопки «ПУСК». Управлять контроллером для записи данных 
			зондирования можно при помощи <link_row to="РК.05.01.01">Радиокнопки РК-11</link_row>.</p>
		<p>При выборе оператором, режима ПЕРЕДАЧИ ДАННЫХ, данные передаются в компьютер для последующей обработки.</p>
		<p>Режим ОЧИСТКИ ПАМЯТИ предусмотрен для удаления из контроллера обработанных данных зондирования.</p>
		<p><b>2 Конфигурация ЗОНД – БЛОК СВЯЗИ – ПК</b>
		</p>
		<p>В этой конфигурации, данные сохраняются непосредственно в в ПК, в обрабатывающей программе.</p>
		<p>При этом, все параметры процесса зондирования отображаются на мониторе ПК.</p>
		<p>В Блок Связи БС-3 встроена дистанционная кнопка. Поэтому данные можно ввести нажатием кнопки «ПУСК»
			на панели прибора, или нажатием на кнопку брелока.</p>
		<p>В процессе эксплуатации калибровка (настройка) зондов не требуется, т.к. все зонды имеют нормированные
			параметры. В случае повреждения зонда или выхода зонда из строя, он меняется на другой зонд,
			без калибровки аппаратуры.</p>
		<p><link_row to="ДОСМ 3-50">Динамометр ДОСМ 3–50У</link_row> и <link_row to="УСЗН.93.00.00.00-01">Устройство Т</link_row> предназначены для проверки работоспособности комплекта.</p>
		<p>При работе во всех конфигурациях, предусмотрено подключение <link_row to="ФО">Формирователя Отсчетов</link_row>.
			В этом случае, сохранение отсчетов происходит автоматически по командам формирователя отсчетов
			с любым шагом из ряда: 2.5, 5, 10 и 20 см.</p>
		<p>Для обработки результатов используется программа <link_row to="pGeoExplorer">GeoExplorer</link_row>.</p>
	</block>
	<block title="Версия для печати">
		<p><a href="/docs/print/szTEST-K4.pdf" target="_blank">Комплект ТЕСТ-К4 (PDF)</a>
		</p>
	</block>
	<block>
		<p><b>Ниже указана базовая комплектация, которую вы можете заказать в соответствии с вашими пожеланиями, изменив количество и вид штанг, тип наголовника, количество кабелей и зондов</b>.</p>	
	</block>
	<block title="Состав комплекта">
		<order />
	</block>
</root>