<root>
	<block>		
		<gallery title="Фотографии">
			<img src="test-k4cptu.jpg" alt="Общий вид комплекта ТЕСТ-К4М CPTU" />			
			<img src="test-k4u2.jpg" />
			<img src="test-k4u3.jpg" />
			<img src="test-k4u4.jpg" />
		</gallery>
	</block>

	<block title="Технические характеристики" wide="1">
		<p>В комплекте ТЕСТ-К4М CPTU используются цифровые зонды А3/350 и А4/350.  Они имеют широкий диапазон термокомпенсации, цифровой выход и нормированные параметры для всех каналов, поэтому  настройка оборудования при замене зонда не требуется. Геометрические размеры зондов соответствуют ГОСТ 19912-2012.</p>

		<p>Зонды А3/350 имеют три канала измерения: канал конуса <b>qc</b>, канал муфты <b>fs</b> и канал инклинометра <b>a</b>. Цифровой инклинометр, установленный в электронном узле зонда при зондировании фиксирует отклонение зонда от вертикального положения. Зонды А4/350 имеют четыре цифровых канала: каналы <b>qc</b>, <b>fs</b>, <b>a</b> и канал <b>U2</b> - поровое давление.</p>
		
		<p>В соответствии с ГОСТ 19912-2021 п. 5.2.4: при испытании грунтов на глубину более 10 м следует применять зонды оснащённые инклинометром, показания которого необходимо использовать для определения фактической глубины зондирования и предотвращения поломки зонда.</p>
		
		<p><h4>Основные параметры зондов А3/350 и А4/350</h4></p>
		<spec>
			<row param="Диаметр основания конуса,мм" val="35,7" />
			<row param="Угол при вершине, град" val="60" />
			<row param="Диаметр муфты трения, мм" val="35,7" />
			<row param="Длина муфты трения, мм" val="310" />
			<row param="Площадь муфты трения, cм²" val="350" />
			<row param="Диапазон измерения удельного сопротивления грунта по конусу qc, МПа" val="0,05-50" />
			<row param="Диапазон измерения удельного сопр. грунта по муфте трения fs, кПа" val="0,6–571" />
			<row param="Диапазон измерения угла отклонения от вертикали a, °" val="1-20" />			
			<row param="Диапазон измерения порового давления, кПа" val="-85..2000" />
			<row param="Основная погрешность измерения удельного сопротивления грунта" val="не более 5%" />
		</spec>
		<p>В состав комплекта ТЕСТ-К4М CPTU входят два зонда А3/З50 и один зонд А4/350. В качестве регистрирующего прибора используется цифровой контроллер ТЕСТ-К4М или Блок Связи БС-3.</p>
		
		<p>Регистрирующий прибор (<link_row to="КонтрК4М">контроллер ТЕСТ-К4М</link_row>) предназначен для индикации, сохранения и передачи результатов зондирования на персональный компьютер для последующей обработки. Контроллер оснащен USB интерфейсом для передачи данных в ПК и USB разъемом для записи данных на USB-флеш-диск.</p>
		
		<p><h4>Технические характеристики контроллера ТЕСТ-К4М и Блока Связи БС-3</h4></p>
		<spec>
			<row param="Напряжение питания, Вольт" val="11-18" />
			<row param="Потребляемый ток, А" val="0,5" />
			<row param="Время выхода в раб. режим (контроллер ТЕСТ-К4М), мин" val="2" />
			<row param="Ёмкость памяти (контроллер ТЕСТ-К4М), кБайт" val="64" />			
			<row param="Интерфейс передачи данных" val="USB" />			
			<row param="Время хранения результатов (контроллер ТЕСТ-К4М), год" val="1" />
			<row param="Диапазон рабочих температур, С°" val="-20..+40" />
			<row param="Габаритные размеры (контроллер ТЕСТ-К4М), мм" val="200x100x40" />
			<row param="Габаритные размеры (Блок Связи БС-3), мм" val="195х190х55" />
			<row param="Масса прибора ТЕСТ-К4М, кг" val="0,5" />			
			<row param="Масса Блока Связи БС-3, кг" val="0,7" />		
		</spec><br/>	
		<p>Прибор защищен от недопустимой полярности питающего напряжения.</p>
		
		<p>Датчик порового давления, установленный в конусе зонда А4/350, предназначен для измерения избыточного давления в поровой воде, возникающего при внедрении зонда в грунт.</p>
		
		<p>При интерпретации результатов зондирования поровое давление является важным дополнительным параметром для идентификации грунтов, оценки их консолидационных характеристик и корректировки показателей сопротивления конуса qc и трения зонда fs для перехода к эффективным напряжениям.</p>

		<p>В качестве датчиков порового давления в зондах А4/350 используются щелевые датчики, разработанные на предприятии Геотест.</p>
		
		<p><h4>Основные характеристики датчиков</h4></p>
		<spec>		
			<row param="Площадь конуса зонда, см²" val="10" />
			<row param="Высота щели h, мм" val="0,30±0,05" />
			<row param="Объём внутренней полости, см³" val="1,15" />
			<row param="Материал заполнения внутренней полости («Среда1»)" val="ЦИАТИМ-201 ГОСТ 6267-74" />
			<row param="Комплиментарная жидкость («Среда2»)" val="Масло И-12А ГОСТ 20799-88" />
			<row param="Рабочее давление Р, кПа" val="от -85 до 2000" />
			<row param="Диапазон температур эксплуатации, С°" val="0..+60" />
			<row param="Диапазон температур хранения, С°" val="-60..+90" />			
		</spec>
		
		<p><h4>Характеристики вспомогательного оборудования</h4></p>
		<spec>		
			<row param="Шприц (служит для заполнения внутренней полости Пьезоконуса из Картриджа З «Средой 1»), кг" val="2,77" />
			<row param="Картридж З, кг" val="0,35" />
			<row param="Самофиксирующиеся сантехнические клещи (служат для захвата Пьезоконуса и его вращения по резьбе),кг" val="0,48" />
			<row param="Картридж З (запасной картридж 310 мл, готовый к применению, является расходным материалом), кг" val="0,35" />		
		</spec>
		
	</block>	
	
	<block title="Устройство и работа комплекта">
		<p> При вдавливании зонда, механическое воздействие грунта на  тензодинамометры вызывает дебаланс полумостов. Электронный блок, расположенный внутри зонда, усиливает, оцифровывает и кондиционирует сигналы датчиков, которые в цифровом формате по кабелю передаются к измерительному прибору (контроллеру ТЕСТ-К4М). На дисплее, расположенном на лицевой панели прибора, показания изменяются пропорционально воздействиям на датчики зонда. Результаты зондирования сохраняются в памяти контроллера.</p>
		
		<p>Полный комплект имеет в своём составе четырёхканальный контроллер ТЕСТ-К4М и Блок Связи БС-3, которые являются друг для друга резервными приборами.</p>
		
		<p>Комплект ТЕСТ-К4М CPTU может работать в двух вариантах.</p>
		
		<p><b>Вариант 1. ЦИФРОВОЙ ЗОНД — КОНТРОЛЛЕР ТЕСТ-К4М</b></p>

		<p>Контроллер ТЕСТ-К4М имеет четыре основных режима работы:</p>
		<ul>
			<li>РАБОЧИЙ РЕЖИМ (запись данных зондирования в ОЗУ);</li>
			<li>РЕЖИМ ПЕРЕДАЧИ ДАННЫХ зондирования в компьютер;</li>
			<li>РЕЖИМ ЗАПИСИ ДАННЫХ на USB-ФЛЕШ-ДИСК;</li>
			<li>СЕРВИСНЫЙ РЕЖИМ.</li>
		</ul>		
		
		<p>На передней панели контроллера расположены: дисплей и клавиатура с цифрами и вспомогательными символами. На верхней стенке контроллера расположены разъемы для подключения питания, зонда и радиокнопки. На боковой стенке прибора расположены разъёмы для подключения USB-кабеля и Флеш-диска. После включения, контроллер переходит в меню выбора режима работы. При выборе меню пункта РАБОЧИЙ РЕЖИМ контроллер проводит диагностику измерительного тракта и зонда. После ввода параметров опыта (номер, шаг отсчетов и глубина зондирования), текущие отсчеты сохраняются в контроллере при нажатии любой цифровой клавиши на панели прибора (1–9) или дистанционно посредством <link_row to="РК.05.01.01">Радиокнопки РК-11</link_row>.</p>
		
		<p>При выборе режима ПЕРЕДАЧИ ДАННЫХ, данные передаются в компьютер для последующей обработки.</p>

		<p>В СЕРВИСНОМ РЕЖИМЕ контроллера можно выполнить:</p>
		<ul>
			<li>замену шрифта отображаемой информации на экране;</li>
			<li>установку времени и даты;</li>
			<li>удаление из контроллера обработанных данных зондирования;</li> 
			<li>регистрацию термозонда.</li>
		</ul>
		
		<p><b>Вариант 2.  ЦИФРОВОЙ ЗОНД  — БЛОК СВЯЗИ — ПК</b></p>
		
		<p>В таком варианте, данные зондирования передаются в программу обработки на ПК и транслируются на мониторе в цифровом и графическом формате. Такой вариант предпочтителен при работе на специализированных зондировочных установках, где отсчёты снимаются автоматически с заданным шагом, но возможна и запись отсчётов посредством дистанцинной кнопки.</p>

		<p>В процессе работы настройка зондов при замене не требуется, т.к. все зонды имеют нормированные параметры. При работе на зондировочных установках, предусмотрено подключение <link_row to="ФО3">Формирователя Отсчетов</link_row>. В этом случае, сохранение отсчетов происходит автоматически по командам формирователя отсчетов с любым шагом из ряда: 2.5, 5, 10 и 20 см.</p>

		<p>При работе с комплектом ТЕСТ-К4М мы рекомендуем использовать <link to="БПД">комплект бескабельной передачи данных зондирования БПД1</link>.</p>

		<p>Для обработки результатов используется программа <link_row to="pGeoExplorer">GeoExplorer</link_row>.</p>
	</block>

	<block title="Версия для печати">
		<p><a href="/docs/print/szTEST-K4_CPTU.pdf" target="_blank">Комплект ТЕСТ-К4М CPTU (PDF)</a></p>
	</block>
	
	<block>
		<p><b>Ниже указана базовая комплектация, которую вы можете заказать в соответствии с вашими пожеланиями, изменив количество и вид штанг, тип наголовника, количество кабелей и зондов</b>.</p>	
	</block>
	<block title="Состав комплекта">
		<order />
	</block>
</root>