<root>
	<block>
		<p>Комплект ТЕСТ-АМ предназначен для зондирования немерзлых песчаных и глинистых грунтов по ГОСТ 19912-2012 («Грунты. Методы полевых испытаний статическим и динамическим зондированием») для комплексной оценки физико-механических свойств грунтов в соответствии c СП 47.13330.2012 "СНиП 11-02-96 Инженерные изыскания для строительства. Основные положения" Приложение И, и несущей способности свай по СП 24.13330.2011 "СНиП 2.02.03-85 Свайные фундаменты", СП-50-102-2003 "Проектирование и устройство свайных фундаментов" и по МГСН 2.07-01 "Московские городские строительные нормы. Основания, фундаменты и подземные сооружения".</p>
		<p>Комплект ТЕСТ-АМ может использоваться в качестве дополнительного оборудования к геологическим буровым
			установкам, обеспечивающим усилие на забой не менее 30 кН, или в составе специальных <link to="УСЗ">зондировочных установок</link> 
			(в т.ч. производства ОАО «<a href="http://www.kurganavtoremont.ru/production/geotools/burovaya/nusz/">Курганавторемонт</a>»).</p>
		<p>Комплекты аппаратуры для статического зондирования грунтов ТЕСТ имеют свидетельство об утверждении типа
			средств измерений Федерального Агентства по техническому регулированию и метрологии RU.C.30.058.A № 45332,
			регистрационный номер 48929-12 и сертификат об утверждении типа средств измерений № 8013 Госкомитета 
			по стандартизации республики Беларусь.</p>
		<gallery title="Фотографии">
			<img src="test-am.jpg" alt="Общий вид комплекта ТЕСТ-АМ" />
			<img src="test-am1.jpg" alt="Измерительный прибор ТЕСТ-АМ" />
			<img src="test-am2.jpg" alt="Измерительный прибор ТЕСТ-АМ, шнуры, розетка" />
			<img src="Certificate.jpg" alt="Скачать" />
			<img src="Certificate2.jpg" />
		</gallery>
		<video>
			<iframe width="560" height="315" src="http://www.youtube.com/embed/QDlTonwxLBI?wmode=opaque" frameborder="0" allowfullscreen></iframe>
		</video>
	</block>

	<block title="Технические характеристики" wide="1">
		<p>Основные параметры электрических зондов регламентируются ГОСТ 19912-2012, где приведены геометрические размеры зондов и требования к основной погрешности измерения показателей сопротивления грунта. Допустимые диапазоны измерения усилий по конусу и муфте трения зонда определяются их конструктивными особенностями. Зонды А2/350 являются аналоговыми, т.е. сигнал из зонда передается в регистрирующий прибор где обрабатывается.</p>
			<p><h4>Основные параметры зондов, используемых в комплекте ТЕСТ-АM.</h4></p>
		<spec>
			<row param="Тип зонда по ГОСТ 19912-2012" val="электрический" />
			<row param="Диаметр основания конуса,мм" val="35,7" />
			<row param="Угол при вершине, град" val="60" />
			<row param="Диаметр муфты трения, мм" val="35,7" />
			<row param="Длина муфты трения, мм" val="310" />
			<row param="Площадь муфты трения, cм²" val="150; 250; 350" />
			<row param="Диапазон измерения удельного сопротивления грунта по конусу (исполнение 1), МПа" val="0,2-50" />
			<row param="Диапазон измерения удельного сопротивления грунта по конусу (исполнение 2), МПа" val="0,025-25" />
			<row param="Диапазон измерения удельного сопротивления грунта по муфте трения, кПа" val="3-571" />
			<row param="Основная погрешность измерения удельного сопротивления грунта" val="не более 5%" />
		</spec>
		<p>Регистрирующий двухканальный измерительный прибор ТЕСТ-АМ предназначен для усиления и преобразования
			дебаланса тензометрических полумостов зонда и их вывод на ЖК-дисплей.</p>
		<p><h4>Технические характеристики измерительного прибора ТЕСТ-АМ.</h4></p>
		<spec>
			<row param="Напряжение питания, Вольт" val="11-18" />
			<row param="Потребляемый ток, А" val="0,5" />
			<row param="Количество измерительных каналов" val="2" />
			<row param="Время выхода в раб. режим, мин" val="1" />
			<row param="Диапазон рабочих температур, С°" val="-10..+40" />
			<row param="Габаритные размеры, мм" val="200x100x40" />
			<row param="Масса прибора, кг" val="0,5" />
		</spec>
	</block>
	<block title="Устройство и работа комплекта">
		<p>При вдавливании тензометрического зонда с кабелем в грунт, механическое воздействие грунта на конус
			и муфту трения, приводит к изменению электрического сопротивления тензодатчиков, и электрический сигнал,
			по кабелю, проходящему внутри зондировочных штанг, передается на измерительный прибор ТЕСТ-АМ.</p>
		<p>На дисплее, расположенном на лицевой панели прибора , показания меняются пропорционально усилиям, действующим
			на конус и муфту трения зонда.</p>		
		<p>Регистрирующий прибор ТЕСТ-АМ выполнен в виде двухканального усилителя с цифровым выходом.</p>
		<p>Прибор имеет функции:</p>
		<ul>
			<li>автобалансировки зондов;</li>
			<li>сохранения тарировочных параметров зондов и диагностики измерительных каналов;</li>
		</ul>
		<p>Прибор работает в двух основных режимах:</p>
		<ul>
			<li>калибровка каналов и сохранение тарировочных параметров конкретного зонда;</li>
			<li>рабочий режим ( измерение сопротивлений грунта по конусу и муфте).</li>
		</ul>
		<p>На передней панели измерительного прибора расположен ЖК-дисплей и две кнопки: кнопка «Сброс» и кнопка
			«F».</p>
		<p>Для подключения тензометрического зонда и прибора ТЕСТ-АМ к бортовой сети, используются разъемы, расположенные
			на задней стенке прибора.</p>
		<p>Цена деления по каждому каналу определяется, в зависимости от настройки аппаратуры ТЕСТ-АМ.</p>
		<p>Зондировочные штанги служат для вдавливания зонда в грунт с помощью буровой, либо зондировочной установки.
			Наголовник служит для вдавливания и извлечения зонда. Вилка используется при извлечении зонда и фиксации
			штанг в наголовнике.</p>
		<p>Настройка комплекта проводится при подготовке аппаратуры ТЕСТ-АМ к работе,либо при замене зонда или
			измерительного прибора, но не реже одного раза в месяц.</p>
		<p>Образцовый динамометр ДОСМ 3-50У и Устройство Т служат для тарировки и проверке аппаратуры
			при эксплуатации.</p>
		<p>Тарировка проводится при подготовке аппаратуры к работе, во время полевых работ, при замене
			тензометрического зонда, либо измерительного прибора. Проверка проводится не реже одного раза в месяц.
			В случае, если комплект не использовалась более, чем один месяц, то тарировку проводят перед началом
			полевых работ.</p>	
		<p>Для обработки результатов используется программа <link_row to="pGeoExplorer">GeoExplorer</link_row>.</p>
	</block>
	<block title="Версия для печати">
		<p><a href="/docs/print/szTEST-AM.pdf" target="_blank">Комплект ТЕСТ-АM (PDF)</a></p>
	</block>	
	<block title="Состав комплекта">
		<order />
	</block>
</root>