<root>
	<block>
			<p>Комплект ТЕСТ-12 является модификацией <link to="ТЕСТ-К2М">комплекта ТЕСТ-К2М</link>.</p>
			 
		<p>В его состав, входит <link_row to="К12">Контроллер ТЕСТ-12</link_row>, который обладает всеми основными функциями <link_row to="К2М.02.02.01">контроллера ТЕСТ-К2М</link_row>, но контроллер ТЕСТ-12 имеет более удобный пользовательский интерфейс и дополнительные полезные опции.</p>
		
		<p>Во-первых, расширенный рабочий температурный диапазон (-30 до +40 градусов), что позволяет работать при отрицательных температурах до минус 25 градусов и более высокое разрешение шкалы прибора — 1000 единиц.</p>
		
		<p>Во-вторых, он  имеет возможность сохранения в памяти тарировочных параметров пяти зондов, что позволяет при работе менять зонды по номеру без настройки комплекта.</p>
		
		<p>И в-третьих, на дисплее контроллера результаты зондирования могут быть представлены в графическом виде.</p>
		
		<gallery title="Фотографии"> 
			<img src="test-12.jpg" alt="Общий вид комплекта ТЕСТ-12"/>
			<img src="szkK12_2.jpg" alt="Общий вид комплекта контроллера ТЕСТ-12"/>
			<img src="Certificate2021.jpg" />
			<img src="CertificateBel2022.jpg" />
		</gallery>
	</block>
	
	<block title="Технические характеристики и работа с комплектом ТЕСТ-12" wide="1">	
		<p>В зондах А2/350 не установлен инклинометр. В соответствии с ГОСТ 19912-2021 п. 5.2.4: при испытании грунтов на глубину более 10 м следует применять зонды оснащённые инклинометром, показания которого необходимо использовать для определения фактической глубины зондирования и предотвращения поломки зонда. При необходимости зондирования на глубину более 10 м рекомендуем использовать <link to="ТЕСТ-К4М">комплект К4М</link>.</p>
		<p>В комплекте ТЕСТ-12 используются аналоговые зонды А2/350, как и в комплекте ТЕСТ-К2М. В Техническом описании к комплекту ТЕСТ-К2М, приведены их основные параметры. Зонды А2/350 настраиваются на предприятии — изготовителе. В Паспорте зонда указаны номер и значения настроек по каналам конус и муфта, которые до работы, вносятся в память контроллера ТЕСТ-12. Прибор может хранить данные настройки пяти зондов и при замене зонда, следует выбрать лишь его номер.</p>
		<p><link_row to="К12">Контроллер ТЕСТ-12</link_row> имеет технические характеристики, аналогичые контроллеру ТЕСТ-К2М, за исключением диапазона рабочих температур. Пользовательский интерфейс, как и СПО контроллера ТЕСТ-12, в основном, совпадают с контроллером ТЕСТ-К2М, а особенности работы, описаны в Руководстве Пользователя к комплекту ТЕСТ-12. При работе Оператор имеет возможность наблюдать за показаниями по каналам в виде условных единиц (шкала 0–999), или в виде физических величин. Помимо цифровых значений, на экране, для наглядности, высвечиваются горизонтальные аналоговые шкалы показаний по конусу и муфте зонда.</p>
		<p>Для обработки результатов используется программа <link_row to="pGeoExplorer">GeoExplorer</link_row>.</p>
	</block>
	
	<block title="Версия для печати">
		<p><a href="/docs/print/szTEST-12.pdf" target="_blank">Комплект ТЕСТ-12 (PDF)</a></p>
	</block>
	
	<block>
		<p><b>Ниже указана базовая комплектация, которую вы можете заказать в соответствии с вашими пожеланиями, изменив количество и вид штанг, тип наголовника, количество кабелей и зондов</b>.</p>	
	</block>
	
	<block title="Состав комплекта">
		<order />
	</block>
	
</root>