<root>
	<block>		
		<gallery title="Фотографии">
			<img src="test-k4all.jpg" alt="Общий вид комплекта ТЕСТ-К4" />
			<img src="Certificate.jpg" />
			<img src="Certificate2.jpg" />
			<!--<img src="szBlokS.jpg" alt="Блок связи" />
			<img src="test-k41.jpg" alt="Измерительный прибор ТЕСТ-К4" />
			<img src="test-k42.jpg" alt="Измерительный прибор ТЕСТ-К4, шнуры, розетка" />
			<img src="szZA3.jpg" alt="Тензометрический зонд А3-250" />			
			<img src="szBlokS2.jpg" alt="Блок связи" />
			<img src="szMPrint.jpg" alt="Минипринтер с кабелем связи с измерительным прибором" />
			<img src="szRBut.jpg" alt="Радиокнопка" />-->
		</gallery>
	</block>

	<block title="Технические характеристики" wide="1">
		<p>В комплекте ТЕСТ-К4 используются цифровые тензометрические зонды А3/350 и А4/350.</p>

		<p>Зонды А3/350 имеют три канала измерения: сопротивление конуса <b>qc</b> (МПа), сопротивление грунта по муфте трения <b>fs</b> (кПа) и инклинометр <b>a</b> (°).</p>

		<p>Зонды А4/350 имеют четыре канала измерения: сопротивление конуса <b>qc</b> (МПа), сопротивление грунта по муфте трения <b>fs</b> (кПа), инклинометр <b>a</b> (°) и температура грунта <b>t2</b> (конуса зонда °С) или поровое давление <b>U2</b> (кПа).</p>

		<p>Цифровые зонды А3/350 и А4/350 имеют высокую точность измерений, термокомпенсацию и нормированные параметры для всех каналов. Передача данных в процессе работы осуществляется в цифровом виде.</p>		

		<p>В комплект ТЕСТ-К4 входят зонды исполнения 1 - А3–350–50/20. Калибровка зондов выполняется на предприятии-изготовителе: конус - 50 МПа, муфта -  571 кПа. Для работы в  слабых грунтах поставляются зонды исполнения 2 - А3–350–25/20, которые калибруются по каналу «Конус» - 25 МПа, по каналу «Муфта» - 571 кПа.Каждый зонд имеет паспорт, в котором указаны номер зонда, значения калибровки по каналу «Конус» и «Муфта».</p>
		
		<p><h4>Основные параметры цифровых зондов А3/350</h4></p>
		<spec>
			<row param="Тип зонда по ГОСТ 19912-2012" val="электрический" />
			<row param="Диаметр основания конуса,мм" val="35,7" />
			<row param="Угол при вершине, град" val="60" />
			<row param="Диаметр муфты трения, мм" val="35,7" />
			<row param="Длина муфты трения, мм" val="310" />
			<row param="Площадь муфты трения, cм²" val="350" />
			<row param="Диапазон измерения удельного сопротивления грунта по конусу (исполнение 1), МПа" val="0,2-50" />
			<row param="Диапазон измерения удельного сопротивления грунта по конусу (исполнение 2), МПа" val="0,025-25" />
			<row param="Диапазон измерения удельного сопр. грунта по муфте трения (исполнение 1), кПа" val="0,6–571" />
			<row param="Диапазон измерения удельного сопр. грунта по муфте трения (исполнение 2), кПа" val="0,6–571" />
			<row param="Основная погрешность измерения удельного сопротивления грунта" val="не более 5%" />
			<row param="Угол отклонения от вертикали, град" val="1-20" />
			<row param="Диапазон измерения температуры грунта, °С" val="-10..+10" />
			<row param="Диапазон измерения порового давления, кПа" val="5-2000" />
		</spec>
		<p></p>
		
		<p>Регистрирующий прибор (<link_row to="К4.01.00.00.00">контроллер ТЕСТ-К4</link_row>) предназначен для индикации, сохранения и передачи результатов зондирования на персональный компьютер для последующей обработки. Контроллер оснащен USB интерфейсом для передачи данных в ПК и USB разъемом для записи данных на USB-флеш-диск.</p>
		
		<p><h4>Технические характеристики контроллера ТЕСТ-К4</h4></p>
		<spec>
			<row param="Напряжение питания, Вольт" val="11—18" />
			<row param="Потребляемый ток, А" val="0,5" />
			<row param="Время выхода в раб. режим, мин" val="2" />
			<row param="Ёмкость памяти, кБайт" val="32" />
			<row param="Время хранения результатов, год" val="1" />
			<row param="Диапазон рабочих температур, С°" val="-20..+40" />
			<row param="Габаритные размеры, мм" val="200x100x40" />
			<row param="Масса прибора, кг" val="0,5" />
		</spec>
		<p></p>
		<p>Прибор защищен от недопустимой полярности питающего напряжения.</p>
	</block>
	
	<block title="Устройство и работа комплекта">
		<p>При вдавливании зонда, механическое воздействие грунта на тензодинамометры вызывает дебаланс полумостов. Электронный блок, расположенный внутри зонда,усиливает, оцифровывает и кондиционирует сигналы датчиков, которые в цифровом формате по кабелю передаются к измерительному прибору (контроллеру ТЕСТ-К4). На дисплее, расположенном на лицевой панели прибора, показания изменяются пропорционально воздействиям на датчики зонда. Результаты зондирования сохраняются в памяти контроллера. </p>
		
		<p>Полный комплект имеет в своём составе четырёхканальный контроллер ТЕСТ-К4 и Блок Связи БС-3, которые являются друг для друга резервными приборами.</p>
		
		<p>Комплект ТЕСТ-К4 может работать в двух вариантах.</p>
		
		<p><b>Вариант 1. ЦИФРОВОЙ ЗОНД — КОНТРОЛЛЕР ТЕСТ-К4</b></p>

		<p>Контроллер ТЕСТ-К4 имеет четыре основных режима работы:</p>
		<ul>
			<li>РАБОЧИЙ РЕЖИМ (запись данных зондирования в ОЗУ);</li>
			<li>РЕЖИМ ПЕРЕДАЧИ ДАННЫХ зондирования в компьютер;</li>
			<li>РЕЖИМ ЗАПИСИ ДАННЫХ на USB-ФЛЕШ-ДИСК;</li>
			<li>РЕЖИМ ОЧИСТКИ ПАМЯТИ.</li>
		</ul>		
		
		<p>На передней панели контроллера расположены: дисплей и пять кнопок управления. На верхней стенке контроллера расположены разъемы для подключения питания, зонда и радиокнопки. После включения, контроллер проводит диагностику измерительного тракта и зонда и автоматически переходит в РАБОЧИЙ РЕЖИМ. После ввода параметров опыта (номер, шаг отсчетов и глубина зондирования), текущие отсчеты сохраняются в контроллере при нажатии кнопки «ПУСК» или дистанционно посредством <link_row to="РК.05.01.01">Радиокнопки РК-11</link_row>.</p>
		
		<p>При выборе режима ПЕРЕДАЧИ ДАННЫХ, данные передаются в компьютер для последующей обработки.</p>
		
		<p>Режим ОЧИСТКИ ПАМЯТИ предусмотрен для удаления из контроллера обработанных данных зондирования.</p>
		
		<p><b>Вариант 2.  ЦИФРОВОЙ ЗОНД  — БЛОК СВЯЗИ — ПК</b></p>
		
		<p>В таком варианте, данные зондирования передаются в программу обработки на ПК и транслируются на мониторе в цифровом и графическом формате. Такой вариант предпочтителен при работе на специализированных зондировочных установках, где отсчёты снимаются автоматически с заданным шагом, но возможна и запись отсчётов посредством дистанцинной кнопки.</p>

		<p>В процессе работы калибровка (настройка) зондов при замене не требуется, т.к. все зонды имеют нормированные параметры. При работе на зондировочных установках, предусмотрено подключение <link_row to="ФО">Формирователя Отсчетов</link_row>. В этом случае, сохранение отсчетов происходит автоматически по командам формирователя отсчетов с любым шагом из ряда: 2.5, 5, 10 и 20 см.</p>

		<p>При работе с комплектом ТЕСТ-К4 мы рекомендуем использовать <link to="БПД">комплект бескабельной передачи данных зондирования БПД1</link>.</p>

		<p>Для обработки результатов используется программа <link_row to="pGeoExplorer">GeoExplorer</link_row>.</p>
	</block>

	<block title="Версия для печати">
		<p><a href="/docs/print/szTEST-K4.pdf" target="_blank">Комплект ТЕСТ-К4 (PDF)</a></p>
		<!-- <p><a href="/docs/print/szTEST-K4_CPTU.pdf" target="_blank">Комплект ТЕСТ-К4 CPTU (PDF)</a></p> -->
	</block>
	
	<block>
		<p><b>Ниже указана базовая комплектация, которую вы можете заказать в соответствии с вашими пожеланиями, изменив количество и вид штанг, тип наголовника, количество кабелей и зондов</b>.</p>	
	</block>
	<block title="Состав комплекта">
		<order />
	</block>
</root>