<root>
	<block>
		<p>Комплект ТЕСТ-К2М предназначен для зондирования немерзлых песчаных и глинистых грунтов по ГОСТ 19912-2012 («Грунты. Методы полевых испытаний статическим и динамическим зондированием») для комплексной оценки физико-механических свойств грунтов в соответствии c СП 47.13330.2012 "СНиП 11-02-96 Инженерные изыскания для строительства. Основные положения" Приложение И, и несущей способности свай по СП 24.13330.2011  "СНиП 2.02.03-85 Свайные фундаменты", СП-50-102-2003 "Проектирование и устройство свайных фундаментов" и по МГСН 2.07-01 "Московские городские строительные нормы. Основания, фундаменты и подземные сооружения".</p>
		<p>Комплект ТЕСТ-К2М может использоваться в качестве дополнительного оборудования к геологическим буровым
			установкам, обеспечивающим усилие на забой не менее 30 кН, или в составе специальных
			<link to="УСЗ">зондировочных установок</link> (в т.ч. производства <nobr>ОАО <a href="http://www.kurganavtoremont.ru/production/geotools/burovaya/nusz/">«Курганавторемонт»</a></nobr>).</p>
		<p>Комплекты аппаратуры для статического зондирования грунтов ТЕСТ имеют свидетельство об утверждении типа
			средств измерений Федерального Агентства по техническому регулированию и метрологии RU.C.30.058.A № 45332,
			регистрационный номер 48929-12 и сертификат об утверждении типа средств измерений № 8013 Госкомитета 
			по стандартизации республики Беларусь.</p>	
		<gallery title="Фотографии"> 
			<img src="test-k2m.jpg" alt="Общий вид комплекта ТЕСТ-К2М"/>
			<img src="Certificate.jpg" />
			<img src="Certificate2.jpg" />
			<img src="test-k2m1.jpg" alt="Измерительный прибор ТЕСТ-К2М с тензометрическими зондами второго типа" />
			<img src="test-k2m2.jpg" alt="Измерительный прибор ТЕСТ-К2М" />
			<img src="test-k2m4.jpg" alt="Измерительный прибор ТЕСТ-К2М, шнуры, розетка" />
			<img src="test-am1.jpg" alt="Измерительный прибор ТЕСТ-АМ" />		
			<img src="szMPrint.jpg" alt="Минипринтер с кабелем связи с измерительным прибором" />				
			<img src="szRBut.jpg" alt="Радиокнопка" />
		</gallery>
		<video>
			<iframe width="560" height="315" src="http://www.youtube.com/embed/QDlTonwxLBI?wmode=opaque" frameborder="0" allowfullscreen></iframe>
		</video>
	</block>
	<block title="Публикации" wide="1">
		<p><a href="/docs/ii03_test.pdf" target="_blank">Комплекты оборудования для статического зондирования грунтов серии ТЕСТ.</a> Инженерные изыскания. Апрель 2008.</p>
	</block>
	<block title="Технические характеристики" wide="1">
		<p>Основные параметры электрических зондов регламентируются ГОСТ 19912-2012, где приведены геометрические размеры зондов и требования к основной погрешности измерения показателей сопротивления грунта. Допустимые диапазоны измерения усилий по конусу и муфте трения зонда определяются их конструктивными особенностями. Зонды А2/350 являются аналоговыми, т.е. сигнал из зонда передается в регистрирующий прибор где обрабатывается.</p>
		<p><h4>Основные	 параметры зондов, используемых в комплекте ТЕСТ-К2М.</h4></p>
		<spec>
			<row param="Тип зонда по ГОСТ 19912-2012" val="электрический" />
			<row param="Диаметр основания конуса,мм" val="35,7" />
			<row param="Угол при вершине, град" val="60" />
			<row param="Диаметр муфты трения, мм" val="35,7" />
			<row param="Длина муфты трения, мм" val="310" />
			<row param="Площадь муфты трения, cм²" val="350" />
			<row param="Диапазон измерения удельного сопротивления грунта по конусу (исполнение 1), МПа" val="0,2-50" />
			<row param="Диапазон измерения удельного сопротивления грунта по конусу (исполнение 2), МПа" val="0,025-25" />
			<row param="Диапазон измерения удельного сопротивления грунта по муфте трения, кПа" val="3-571" />
			<row param="Основная погрешность измерения удельного сопротивления грунта" val="не более 5%" />
		</spec>
		<p>Регистрирующий, двухканальный измерительный прибор ТЕСТ-К2М, предназначен для преобразования дебаланса
			тензометрических полумостов зонда в цифровые значения, хранения результатов зондирования и передачи на
			персональный компьютер для последующей обработки.</p>
		<p><h4>Технические характеристики измерительного прибора ТЕСТ-К2М.</h4></p>
		<spec>
			<row param="Напряжение питания, Вольт" val="11-18" />
			<row param="Потребляемый ток, А" val="0,5" />
			<row param="Количество измерительных каналов" val="2" />
			<row param="Время выхода в раб. режим, мин" val="2" />
			<row param="емкость памяти, кБайт" val="32" />
			<row param="Интерфейс передачи данных" val="RS-232 (USB 2.0)" />
			<row param="Время хранения результатов, год" val="1" />
			<row param="Диапазон рабочих температур, С°" val="-20..+40" />
			<row param="Габаритные размеры, мм" val="200x100x40" />
			<row param="Масса прибора, кг" val="0,5" />
		</spec>
	</block>
	<block title="Устройство и работа комплекта">
		<p>При вдавливании тензометрического зонда с кабелем в грунт, механическое воздействие грунта на конус
			и муфту трения приводит к изменению электрического сопротивления тензодатчиков, и электрический сигнал,
			по кабелю, проходящему внутри зондировочных штанг, передается на измерительный прибор (контроллер).</p>
		<p>Показания цифровых индикаторов, расположенных на лицевой панели прибора, изменяются пропорционально
			усилию, действующему на конус и муфту трения зонда.</p>
		<p>Регистрирующий прибор (контроллер ТЕСТ-К2М) выполнен в виде двухканального усилителя с цифровым выходом,
			блоком хранения и передачи данных в компьютер (RS-232, USB 2.0).</p>
		<p>Контроллер ТЕСТ-К2М имеет четыре основных режима работы:</p>
		<ul>
			<li>режим калибровки тензометрических зондов;</li>
			<li>рабочий режим (запись данных зондирования в ОЗУ);</li>
			<li>режим передачи данных зондирования в компьютер;</li>
			<li>режим очистки памяти;</li>
		</ul>
		<p>На передней панели измерительного прибора расположены: ЖК-дисплей и пять кнопок управления. На боковых
			стенках контроллера расположены разъемы для подключения прибора к бортовой сети, подключения тензометрического
			зонда, подключения кабеля связи и USB разъемы.</p>
		<gallery title="Разъемы прибора ТЕСТ-К2М"> 
			<img src="test-k2m3.jpg" alt="Разъемы прибора ТЕСТ-К2М"/>
		</gallery>
		<p>После включения прибора, контроллер переходит в «РАБОЧИЙ РЕЖИМ».</p>
		<p>В «РАБОЧЕМ РЕЖИМЕ», после ввода номера опыта, текущие отсчеты сохраняются в памяти контроллера, при
			нажатии кнопки «ПУСК», либо при нажатии дистанционной кнопки (радиокнопки).</p>
		<p>Одновременно, они распечатываются на минипринтере. При включенном интерфейсном кабеле, контроллер переходит
			в режим «ПЕРЕДАЧИ ДАННЫХ», данные передаются в компьютер для последующей обработки.</p>
		<p>Помимо последовательного порта RS-232, прибор Тест-К2М оснащен двумя портами USB для записи данных на
			флэш-диск и передачи на персональный компьютер.</p>
		<p>Разъем А используется для передачи данных на флеш-диск.</p>
		<p>Разъем В используется для передачи данных с помощью USB кабеля на ПК.</p>
		<p>32 кБайта памяти позволяют сохранять результаты до 3000 метров зондирования.</p>
		<p>Зондировочные штанги служат для вдавливания зонда в грунт.</p>
		<p>Наголовник служит для вдавливания и извлечения зонда. Вилка используется при извлечении зонда и фиксации
			штанг в наголовнике.</p>
		<p>Образцовый динамометр ДОСМ 3-50У и Устройство Т служат для тарировки и проверке аппаратуры
			при эксплуатации.</p>
		<p>Тарировка проводится при подготовке аппаратуры ТЕСТ-К2М к работе, во время полевых работ, при замене
			тензометрического зонда, либо измерительного прибора. Проверка проводится не реже одного раза в месяц.
			В случае, если комплект не использовалась более, чем один месяц, то тарировку проводят перед началом
			полевых работ.</p>
		<p>В комплект входит Измерительный прибор ТЕСТ-АМ который используется в качестве резервного.</p>	
		<p>Для обработки результатов используется программа <link_row to="pGeoExplorer">GeoExplorer</link_row>.</p>
	</block>
	<block title="Версия для печати">
		<p><a href="/docs/print/szTEST-K2M.pdf" target="_blank">Комплект ТЕСТ-К2M (PDF)</a></p>
	</block>
	<block>
		<p><b>Ниже указана базовая комплектация, которую вы можете заказать в соответствии с вашими пожеланиями, изменив количество и вид штанг, тип наголовника, количество кабелей и зондов</b>.</p>	
	</block>
	<block title="Состав комплекта">
		<order />
	</block>
</root>