<root>
	<block>
		<p>Комплект ТЕСТ-12 является аналогом <link to="ТЕСТ-К2М">комплекта ТЕСТ-К2М</link>.</p>
		<p><link_row to="К12">Контроллер ТЕСТ-12</link_row> является модификацией <link_row to="К2М.02.02.01">контроллера ТЕСТ-К2М</link_row>, имеет более удобный пользовательский интерфейс и графическое представление
			данных зондирования на ЖК-дисплее. </p>
		<p>Контроллер ТЕСТ-12 обладает основными функциями контроллера ТЕСТ-К2М: сохранение данных зондирования
			в памяти, передачу в компьютер для обработки, трансляцию данных на ноутбук при зондировании в
			режиме реального времени и запись данных на USB-флэш диск.</p>
		<p>В отличие от ТЕСТ-К2М он имеет новые полезные опции.</p>
		<p>Во-первых, более высокое разрешение шкалы прибора — 1000 единиц. Во-вторых, он имеет возможность сохранения
			в памяти тарировочных параметров пяти зондов, что позволяет при работе менять зонды по номеру
			без настройки комплекта. В третьих, он имеет более широкий температурный диапазон эксплуатации.</p>
		<!-- и предназначен для зондирования немерзлых песчаных и глинистых грунтов по ГОСТ 19912-2012 («Грунты. Методы полевых испытаний статическим и динамическим зондированием») для комплексной оценки физико-механических свойств грунтов  в соответствии с  СП 47.13330.2012 и несущей
способности свай по СП 24.13330.2011 “СНиП 2.02.03-85 Свайные фундаменты”, СП 50-102-2003, МГСН 2.07-01.</p>
		<p>Комплект ТЕСТ-12 может использоваться в качестве дополнительного оборудования к геологическим буровым установкам, обеспечивающим усилие на забой не менее 30кН, или в составе специальных зондировочных установок.</p>
		<p>Комплекты аппаратуры для статического зондирования грунтов ТЕСТ имеют свидетельство об утверждении типа средств измерений Федерального Агентства по техническому регулированию и метрологии RU.C.30.058.A
№ 45332, регистрационный номер 48929-12.</p> -->
		<gallery title="Фотографии"> 
			<img src="test-12.jpg" alt="Общий вид комплекта ТЕСТ-12"/>
			<img src="szkK12_2.jpg" alt="Общий вид комплекта контроллера ТЕСТ-12"/>
			<img src="szkK12_1.jpg" alt="Порты контроллера ТЕСТ-12"/>
			<img src="szkK12_3.jpg" alt="Дисплей контроллера ТЕСТ-12"/>
		</gallery>
	</block>
	<block title="Технические характеристики" wide="1">
		<p>Основные параметры электрических зондов регламентируются ГОСТ 19912-2012. Допустимые диапазоны измерения усилий по конусу и муфте трения зонда определяются их конструктивными особенностями. Зонды А2/350 являются аналоговыми, т.е. сигнал из зонда передается в регистрирующий прибор где обрабатывается.</p>
		<p><h4>Основные	 параметры зондов, используемых в комплекте ТЕСТ-12.</h4></p>
		<spec>
			<row param="Тип зонда по ГОСТ 19912-2012" val="электрический" />
			<row param="Диаметр основания конуса,мм" val="35,7" />
			<row param="Угол при вершине, град" val="60" />
			<row param="Диаметр муфты трения, мм" val="35,7" />
			<row param="Длина муфты трения, мм" val="310" />
			<row param="Площадь муфты трения, cм²" val="350" />
			<row param="Диапазон измерения удельного сопротивления грунта по конусу (исполнение 1), МПа" val="0,2-50" />
			<row param="Диапазон измерения удельного сопротивления грунта по конусу (исполнение 2), МПа" val="0,025-25" />
			<row param="Диапазон измерения удельного сопротивления грунта по муфте трения, кПа" val="1-571" />
			<row param="Основная погрешность измерения удельного сопротивления грунта" val="не более 5%" />
		</spec>
		<p></p>
		<p>Основным типом зонда, предназначенного для работы с комплектом ТЕСТ-12, являются зонды исполнения 1: А2-350-50/20. Эти зонды калибруются на предприятии-изготовителе на диапазоны измерения 50 МПа по каналу “Конус” и 571 кПа по каналу “Муфта”. Для работы со слабыми грунтами поставляются зонды исполнения 2: А2-350-25/20, которые калибруются на диапазоны измерения по каналу “Конус” - 25 МПа, а по каналу “Муфта” - 571 кПа.</p>
		<p>Каждый зонд имеет паспорт, в котором указаны номер зонда, значения калибровки по каналу “Конус” и “Муфта”. Данные из этого паспорта вносятся в память прибора перед началом работы с зондом. Прибор может хранить данные о калибровке пяти зондов (при замене зонда требуется лишь указать его номер).</p>
		<p><link_row to="К12">Контроллер ТЕСТ-12</link_row> предназначен для измерения сигнала с зондов типа А2-350 в процессе статического зондирования грунтов и передачи на персональный компьютер для последующей обработки.</p>
		<p><h4>Технические характеристики измерительного прибора ТЕСТ-12.</h4></p>
		<spec>
			<row param="Напряжение питания, Вольт" val="11-18" />
			<row param="Потребляемый ток, А" val="0,5" />
			<row param="Количество измерительных каналов" val="2" />
			<row param="Время выхода в раб. режим, мин" val="2" />
			<row param="емкость памяти, кБайт" val="32" />
			<row param="Интерфейс передачи данных" val="USB 2.0" />
			<row param="Время хранения результатов, год" val="1" />
			<row param="Цена деления канала «Конус» (исполнение 1), МПа" val="0,05" />
			<row param="Цена деления канала «Конус» (исполнение 2), МПа" val="0,025" />
			<row param="Цена деления канала «Муфта», кПа" val="0,57" />			
			<row param="Диапазон рабочих температур, С°" val="-30..+40" />
			<row param="Габаритные размеры, мм" val="200x100x40" />
			<row param="Масса прибора, кг" val="0,5" />
		</spec>
	</block>
	<block title="Устройство и работа комплекта">
		<p>При вдавливании зонда с кабелем в грунт механическое воздействие грунта на конус и муфту трения вызывает упругие деформации тензодинамометров, расположенных внутри зонда, на которых наклеены тензодатчики. Это приводит к изменению электрического сопротивления полумостов, сигнал от которых передаётся по кабелю, проходящему внутри зондировочных штанг, на измерительный прибор.</p>
		<p>На дисплее, расположенном на лицевой панели прибора, показания изменяются пропорционально усилиям, действующим на конус и муфту трения зонда.</p>
		<p><link_row to="К12">Контроллер ТЕСТ-12</link_row> выполнен в виде двухканального усилителя с цифровым выходом, блоком хранения и передачи данных в компьютер (USB 2.0). Прибор обеспечивает измерение нагрузок тензодатчиков зондов с разрешающей способностью 999 единиц, что соответствует цене деления 0,05 МПа по каналу “Конус” и 0,57 кПа по каналу “Муфта” для зондов исполнения 1, для зондов исполнения 2  соответственно 0,025 МПа по каналу “Конус” и 0,57 кПа по каналу “Муфта”.</p>
		<p>Оператор имеет возможность наблюдать за показаниями по каналам в виде условных единиц (шкала 0-999), или в виде физических величин. Помимо цифровых обозначений, на экране, для наглядности, высвечиваются горизонтальные аналоговые шкалы.</p>
		<p>Контроллер ТЕСТ-12 имеет четыре основных режима работы:</p>
		<ul>
			<li>рабочий режим (запись данных зондирования в ОЗУ);</li>
			<li>вывод данных (передача данных зондирования в ПК через USB интерфейс);</li>
			<li>режим сохранения данных зондирования на USB-флеш-диск;</li>
			<li>сервисный режим.</li>
		</ul>
		<p>В комплект входит Контроллер ТЕСТ-АМ который используется в качестве резервного.</p>
		<p>Для обработки результатов используется программа <link_row to="pGeoExplorer">GeoExplorer</link_row>.</p>		
	</block>
	<block title="Версия для печати">
		<p><a href="/docs/print/szTEST-12.pdf" target="_blank">Комплект ТЕСТ-12 (PDF)</a></p>
	</block>
	<block>
		<p><b>Ниже указана базовая комплектация, которую вы можете заказать в соответствии с вашими пожеланиями, изменив количество и вид штанг, тип наголовника, количество кабелей и зондов</b>.</p>	
	</block>
	<block title="Состав комплекта">
		<order />
	</block>
</root>