<root>
	<block>
		<p>Предприятие Геотест выпускает несколько различных комплектов оборудования для статического зондирования
			грунтов, которые могут использоваться как на зондировочных, так и на различных буровых установках
			с усилием вдавливания не менее 30 кН.</p>
		<p>Все комплекты оборудования соответствуют требованиям <b>ГОСТ 19912-2012</b> «Грунты. Методы полевых испытаний
			статическим и динамическим зондированием».</p>
		<p>Комплекты делятся на две основные группы в зависимости от используемых зондов: аналоговые и цифровые.
		</p>
		<p>У обоих типов оборудования есть свои преимущества и недостатки. </p>

		<p>Аналоговое оборудование (контроллеры <link_row to="К2М.02.02.01">ТЕСТ-К2М</link_row>,
			<link_row to="К12">ТЕСТ-12</link_row> и прибор <link_row to="АМ.02.02.01">ТЕСТ-АМ</link_row>)
			отличается сравнительной простотой исполнения и эксплуатации.</p>
		<p>При использовании аналоговых зондов <link_row to="А2М.35.02.00.00">А2/350</link_row>, сигнал от
			тензометрических датчиков передаётся в измерительный прибор по кабелю, где усиливается, оцифровывается
			и в цифровом виде сохраняется в памяти контроллера, в дальнейшем результаты испытаний передаются
			в компьютер для обработки.</p>
		<p>Основные недостатки аналогового метода - слабый сигнал и связанная с этим невысокая точность измерений,
			невозможность полноценной температурной компенсации каналов измерений, индивидуальные параметры
			каждого зонда, требующие настройки оборудования при замене зондов, а также влияние радиопомех
			и влажности на кабельный канал связи.</p>
		<p>В целом, это оборудование вчерашнего дня и в большинстве зарубежных комплектов оборудования для
			зондирования, давно используют цифровые технологии. </p>
		<p>Цифровое оборудование отличается тем, что усиление и преобразование сигнала датчиков в цифровую
			форму выполняется электронным узлом, расположенным непосредственно внутри зондов типа
			<link_row to="А3М.25.01.00.00">А3/350</link_row> и <b>А4/350</b>.</p>
		<p>При этом, посредством цифровых технологий выполняется температурная компенсация, усиление и нормирование сигнала для получения идентичных выходных параметров любого зонда.</p>
		<p>К основному недостатку таких зондов следует отнести более высокую трудоёмкость изготовления и
			стоимость цифровых зондов, но в то же время они имеют и много преимуществ по сравнению с аналоговыми
			зондами.
		</p>
		<p>Во-первых, есть возможность выполнить полноценную температурную компенсацию в широком диапазоне
			температур и получить высокую точность измерений сигнала.</p>
		<p>Во-вторых, есть возможность выпуска зондов с нормированными выходными параметрами, что не требует
			настройки оборудования при замене зонда.</p>
		<p>В-третьих, при использовании кабеля для передачи цифрового сигнала, на качество сигнала не влияют
			радиопомехи и влажность соединителей кабеля. </p>
		<p>Более того, только при использовании цифрового сигнала существует возможность бескабельной передачи
			данных по штангам, что существенно повышает потребительские свойства оборудования.</p>
		<p>Для удобства правильного выбора оборудования нашими Уважаемыми Заказчиками, хочу дать краткую
			характеристику всех комплектов зондирования, выпускаемых предприятием Геотест.</p>
	</block>

	<block title="Комплект ТЕСТ-К2М">
		<p><link to="ТЕСТ-К2М">Самый востребованный универсальный комплект</link> для зондировочных и буровых
			установок. Имеет в своём составе аналоговые зонды <b>А2/350</b> и контроллер <b>ТЕСТ-К2М</b> или <b>ТЕСТ-12</b>, зонд
			соединяется с контроллером посредством коммутирующего кабеля.</p>
		<p>Контроллер <b>ТЕСТ-К2М</b> имеет простой и понятный пользовательский интерфейс.</p>
		<p>При выполнении опыта он отображает результаты зондирования на ЖК-дисплее, сохраняет данные, передаёт
			их в компьютер для обработки и имеет возможность сохранения резервной копии данных зондирования
			на съёмном USB-флэш диске.</p>
		<p>При подключении контроллера <b>ТЕСТ-К2М</b> к ноутбуку, в процессе зондирования данные, в режиме реального
			времени, передаются в программу обработки с построением графиков на мониторе. </p>
		<p>Недостатки комплекта объясняются использованием аналоговых технологий (о чём говорилось выше),
			а именно небольшое разрешение — 250 делений, необходимость индивидуальной настройки оборудования
			с каждым зондом при его замене, а также невысокую надёжность кабельного канала связи.</p>
		<p><link_row to="К12">Контроллер ТЕСТ-12</link_row> является модификацией <link_row to="К2М.02.02.01">контроллера ТЕСТ-К2М</link_row>, и имеет более удобный пользовательский интерфейс и графическое представление
			данных зондирования на ЖК-дисплее. </p>
		<p>Контроллер <b>ТЕСТ-12</b> сохранил основные функции контроллера <b>ТЕСТ-К2М</b>: сохранение данных зондирования
			в памяти, передачу в компьютер для обработки, трансляцию данных на ноутбук при зондировании в
			режиме реального времени и запись данных на USB-флэш диск.</p>
		<p>В отличие от <b>ТЕСТ-К2М</b> он имеет новые полезные опции. </p>
		<p>Во-первых, более высокое разрешение — 1000 единиц, во-вторых, он имеет возможность сохранения
			в памяти тарировочных параметров пяти зондов, что позволяет при работе менять зонды по номеру
			без настройки комплекта.</p>
		<p>А так же более широкий температурный диапазон эксплуатации.</p>
		<p>При заказе комплекта <b>ТЕСТ-К2М</b> предлагаются два контроллера на выбор (<b>ТЕСТ-К2М</b> или <b>ТЕСТ-12</b>).</p>
		<p>В состав комплекта <b>ТЕСТ-К2М</b> входит резервный прибор <b>ТЕСТ-АМ</b>, который при выходе из строя основного
			прибора, позволяет выполнить зондирование, но результаты при этом записываются в полевой журнал.
			Очень нужная опция при работе вдалеке от цивилизации, поэтому прибор <b>ТЕСТ-АМ</b> используется только
			при форсмажорных обстоятельствах, например при выходе из строя основного прибора.</p>
		<p>Аналоговые двухканальные зонды <b>А2/350</b>. Их геометрические размеры соответствуют последней редакции
			<b>ГОСТ 19912-2012</b> (диаметр конуса 35.7 мм, длина муфты 310 мм). Каналы конус <b>qc</b> и муфта <b>fs</b> имеют
			ненормированные выходные параметры и зонд требует индивидуальной настройки с прибором.</p>
		<p>В заключение отмечу, что в ближайшие 2-3 года мы перейдём на ограниченный выпуск аналоговых комплектов
			<b>ТЕСТ-К2М</b> и будем выпускать в основном цифровое оборудование.</p>
	</block>

	<block title="Комплект ТЕСТ-К4">
		<p><link to="ТЕСТ-К4">Универсальный комплект</link> для зондировочных и буровых установок.</p>
		<p>В состав комплекта входят трёх- и четырёхканальные цифровые зонды <b>А3/350</b> и <b>А4/350</b>. </p>
		<p>Полный комплект имеет в своём составе четырёхканальный <link_row to="К4.01.00.00.00">контроллер ТЕСТ-К4</link_row> и
		 <link_row to="К4.02.00.00.00">Блок Связи БС-3</link_row>, которые являются друг для друга резервными приборами.</p>
		<p>Контроллер <b>ТЕСТ-К4</b> предназначен для индикации данных зондирования на ЖК-дисплее, сохранения и
			передачи результатов на персональный компьютер для обработки, сохранения резервной копии на USB
			– флэш диске. </p>
		<p>Благодаря использованию цифровых зондов комплект <b>ТЕСТ-К4</b> имеет высокую точность измерений (шкала
			1000 единиц) и дополнительные функции самодиагностики измерительного тракта и зонда, сохранения
			и контроля временных параметров процесса зондирования. </p>
		<p>На <link to="УСЗ">зондировочных установках УСЗ-15/36</link> (Геотест), при автоматическом сохранении
			отсчётов, временные метки позволяют измерять текущую скорость вдавливания зонда и сохранять эти
			данные, что в процессе обработки результатов даёт возможность оценить корректность проведения
			опыта.
		</p>
		<p><b>Блок связи БС-3</b> специально разработан для работы в полевых условиях с ноутбуком и цифровыми зондами <b>А3/350</b> или <b>А4/350</b>.</p>
		<p>В процессе зондирования он передаёт данные от зонда непосредственно в программу обработки, где
			они сохраняются в Базе Данных <link_row to="pGeoExplorer">программы GeoExplorer</link_row>. </p>
		<p>Одновременно он транслирует на экран ноутбука графики зондирования в режиме реального времени.</p>
		<p>Цифровые зонды <b>А3/350</b> и <b>А4/350</b> имеют широкий диапазон термокомпенсации, цифровой выход и нормированные
			параметры для всех каналов, поэтому настройка оборудования при замене зонда не требуется. </p>
		<p>Геометрические размеры зондов соответствуют последней редакции <b>ГОСТ 19912-2012</b>. </p>
		<p>Зонды <b>А3/350</b> имеют три канала измерений: канал конуса <b>qc</b>, канал муфты <b>fs</b> и канал инклинометра
			<b>а</b>. Цифровой инклинометр, установленный в электоронном узла зонда, показывает при зондировании
			отклонение зонда от вертикального положения.</p>
		<p>Зонды <b>А4/350-CPTU</b> имеют четыре цифровых канала: каналы <b>qc</b>, <b>fs</b>, <b>а</b> и канал <b>U</b> - порового давления.
			Зонды <b>А4/350-T</b> имеют четыре цифровых канала: каналы <b>qc</b>, <b>fs</b>, <b>а</b> и канал <b>Т</b> температура конуса зонда.
		</p>
		<p>Для передачи сигнала от зонда к прибору <b>ТЕСТ-К4 </b>или <b>Блоку Связи БС-3</b> штатно используется коммутирующий
			кабель, но есть и бескабельный вариант передачи данных <link to="БПД">комплект БПД-1</link>.</p>
		<p>Комплект <b>ТЕСТ-К4</b> в полной комплектации, является универсальным и может работать как на зондировочных,
			так и на буровых установках. Возможно его использование и в сокращённом варианте.</p>
		<!-- <p>Комплект ТЕСТ К4Б рекомендуется для работы на буровых установках и имеет в своём составе только
			контроллер ТЕСТ-К4. </p> -->
		<p>Предполагается, что прибор в процессе зондирования располагается в удобном месте (кабина автомашины,
			переносной стол, либо штатив), а управление прибором осуществляется дистанционно, посредством
			радиокнопки.
		</p>
		<!-- <p>Комплект ТЕСТ-К4У рекомендуется для работы на зондировочных установках и имеет в своём составе
			только Блок Связи БС-3.</p> -->
		<p>Для работы на зондировочных установках для регистрации данных, целесообразно использовать <b>Блок Связи БС-3</b>.</p>
		<p>При работе с таким комплектом в кунге зондировочной установки результаты зондирования передаются
			непосредственно на ноутбук в программу обработки <b>Geoexplorer</b> и одновременно отображаются на мониторе.</p>
		<p>Настройка зондов при замене, в обоих комплектах не требуется. </p>
		<p>Комплект <a href="/docs/print/szTEST-K4_CPTU.pdf" target="_blank">ТЕСТ-К4-CPTU</a> отличается от базового комплекта <b>ТЕСТ-К4</b> тем, что имеет в своём составе
			два зонда <b>А4/350-CPTU</b> с датчиками порового давления и один зонд <b>А3/350</b>.</p>
		<p>В зондах <b>А4/350-CPTU</b> установлены щелевые датчики порового давления, конструкции предприятия Геотест.
			Основные характеристики датчиков приведены в описании комплекта <b>ТЕСТ-К4-CPTU</b>.</p>
		<p>Датчик порового давления, установленный в конусе зонда, предназначен для измерения избыточного
			давления в поровой воде, возникающего при внедрении зонда в грунт. </p>
		<p>При интерпретации результатов зондирования поровое давление <b>U</b> является важным дополнительным параметром
			для идентификации грунтов, оценки их консолидационных характеристик и корректировки показателей
			сопротивления конуса <b>qc</b> и трения зонда <b>fs</b> при переходе к эффективным напряжениям. </p>
		<p>К сожалению, в отечественных нормативных документах этой методике исследований грунтов уделено
			мало внимания.</p>
		<p>Для работы с цифровыми комплектами <b>ТЕСТ-К4</b>, мы всегда рекомендуем использовать комплекты бескабельной
			передачи <b>БПД-1</b>.</p>
		<p>Комплект бескабельной передачи <b>БПД-1</b> данных предназначен для работы с цифровыми комплектами <b>ТЕСТ-К4</b>,
			как при работе на зондировочных, так и на буровых установках.</p>
		<p>Использование комплекта <b>БПД-1</b> исключает использование коммутирующего кабеля внутри штанг и все
			связанные с этим проблемы. </p>
		<p>Удобно и легко работать, сокращается трудоёмкость и растёт производительность, исключаются все
			сопутствующие работы по сборке и разборке комплекта штанг с кабелем внутри. </p>
		<p>Кабель от контроллера <b>ТЕСТ-К4</b> или <b>Блока Связи БС-3</b> подключается непосредственно к наголовнику
			буровой или зодировочной установки, питание зондов осуществляется от аккумуляторного блока, расположенного
			внутри первой штанги. Подробное описание на сайте.</p>
	</block>

	<block title="Дополнительное оборудование">
		<p>Прибор проверки кабелей и зондов <link_row to="ППКЗ.01.00.00.00">ППКЗ-1</link_row> входит в комплект
			аналогового оборудования <b>ТЕСТ-К2М</b> и предназначен для оперативной проверки в полевых условиях
			целостности коммутирующих кабелей и аналоговых зондов <b>А2/350</b>. Обязательная опция.</p>
		<p>Радиокнопка <link_row to="РК.05.01.01">РК-11</link_row> входит в состав аналоговых <b>ТЕСТ-К2М</b> и
			цифровых комплектов <b>ТЕСТ-К4</b> и предназначена для дистанционного управления контроллером при зондировании.
			Обязательная опция.</p>
		<p>Минипринтер <link_row to="СВМ-910">СВМ-910</link_row> может входить в состав любого комплекта
			и предназначен для сохранения печатной копии опытных данных в процессе зондирования.</p>
		<p>Образцовый динамометр <link_row to="ДОСМ 3-50">ДОСМ 3-50У</link_row> предназначен для проверки
			и настройки оборудования как в полевых, так и в лабораторных условиях.</p>
		<p>Проботборник <link_row to="Проботб">Р45/100</link_row> предназначен для отбора проб глинистых
			и песчаных грунтов с помощью установок статического зондирования.
			Объём пробы 100 кв.см. При использовании пробоотборника в процессе зондирования можно выполнить
			описание и идентификацию грунтов и определить основные физические показатели.</p>

		<p><i>С Уважением, 
		Директор ЗАО «Геотест», Е. Л. Пылаев</i>
		</p>
	</block>
</root>